PayPal\Core\PPHttpConnection: Connecting to https://api.sandbox.paypal.com/v1/oauth2/token
PayPal\Core\PPHttpConnection: Payload grant_type=client_credentials
PayPal\Core\PPHttpConnection: Adding header User-Agent: PayPalSDK/rest-sdk-php 0.6.0 (lang=PHP;v=5.5.11;bit=32;os=Windows_NT_6.1;machine=i586;openssl=1.0.1g;curl=7.36.0)
PayPal\Core\PPHttpConnection: Adding header Authorization: Basic QVRwNnVCQXBkdVVZa0NMZTVpT0toRDdsUWhmYzhrZG1LYzJkdnRsTGFDZmlZRG1tb2xETW9BdTJ2d0FKOkVOdlVXUkNTSmYwNlhwQWRLYWlOdFZMQU1wQjR1dnVwY2lxbG9ORXhVeVFZSzEzWlJiUTc4QmN1cFZzdA==
PayPal\Core\PPHttpConnection: Adding header Accept: */*
PayPal\Core\PPHttpConnection: Invalid or no certificate authority found - Retrying using bundled CA certs file
PayPal\Core\PPHttpConnection: Connecting to https://api.sandbox.paypal.com/v1/payments/payment
PayPal\Core\PPHttpConnection: Payload {"intent":"sale","payer":{"payment_method":"paypal"},"redirect_urls":{"return_url":"http:\/\/digisells.com\/execute","cancel_url":"http:\/\/digisells.com\/payment\/create"},"transactions":[{"amount":{"currency":"USD","total":"1000.00"},"description":"Deposit Digisells Funds : 1000.00 USD"}]}
PayPal\Core\PPHttpConnection: Adding header Content-Type: application/json
PayPal\Core\PPHttpConnection: Adding header User-Agent: PayPalSDK/rest-sdk-php 0.6.0 (lang=PHP;v=5.5.11;bit=32;os=Windows_NT_6.1;machine=i586;openssl=1.0.1g;curl=7.36.0)
PayPal\Core\PPHttpConnection: Adding header Authorization: Bearer A015bDQIUWXT70H4KVJIKB2VuS9Z7kV0NsfJDHngJkXLNYc
PayPal\Core\PPHttpConnection: Adding header PayPal-Request-Id: 2130706433404140861180612389
PayPal\Core\PPHttpConnection: Invalid or no certificate authority found - Retrying using bundled CA certs file
PayPal\Transport\PPRestCall: {"id":"PAY-33057438FU598725TKP23L3I","create_time":"2014-08-21T09:03:41Z","update_time":"2014-08-21T09:03:41Z","state":"created","intent":"sale","payer":{"payment_method":"paypal","payer_info":{"shipping_address":{}}},"transactions":[{"amount":{"total":"1000.00","currency":"USD","details":{"subtotal":"1000.00"}},"description":"Deposit Digisells Funds : 1000.00 USD"}],"links":[{"href":"https://api.sandbox.paypal.com/v1/payments/payment/PAY-33057438FU598725TKP23L3I","rel":"self","method":"GET"},{"href":"https://www.sandbox.paypal.com/cgi-bin/webscr?cmd=_express-checkout&token=EC-37M22128B0196974V","rel":"approval_url","method":"REDIRECT"},{"href":"https://api.sandbox.paypal.com/v1/payments/payment/PAY-33057438FU598725TKP23L3I/execute","rel":"execute","method":"POST"}]}
PayPal\Core\PPHttpConnection: Connecting to https://api.sandbox.paypal.com/v1/oauth2/token
PayPal\Core\PPHttpConnection: Payload grant_type=client_credentials
PayPal\Core\PPHttpConnection: Adding header User-Agent: PayPalSDK/rest-sdk-php 0.6.0 (lang=PHP;v=5.5.11;bit=32;os=Windows_NT_6.1;machine=i586;openssl=1.0.1g;curl=7.36.0)
PayPal\Core\PPHttpConnection: Adding header Authorization: Basic QVRwNnVCQXBkdVVZa0NMZTVpT0toRDdsUWhmYzhrZG1LYzJkdnRsTGFDZmlZRG1tb2xETW9BdTJ2d0FKOkVOdlVXUkNTSmYwNlhwQWRLYWlOdFZMQU1wQjR1dnVwY2lxbG9ORXhVeVFZSzEzWlJiUTc4QmN1cFZzdA==
PayPal\Core\PPHttpConnection: Adding header Accept: */*
PayPal\Core\PPHttpConnection: Invalid or no certificate authority found - Retrying using bundled CA certs file
PayPal\Core\PPHttpConnection: Connecting to https://api.sandbox.paypal.com/v1/payments/payment/PAY-33057438FU598725TKP23L3I
PayPal\Core\PPHttpConnection: Payload 
PayPal\Core\PPHttpConnection: Adding header Content-Type: application/json
PayPal\Core\PPHttpConnection: Adding header User-Agent: PayPalSDK/rest-sdk-php 0.6.0 (lang=PHP;v=5.5.11;bit=32;os=Windows_NT_6.1;machine=i586;openssl=1.0.1g;curl=7.36.0)
PayPal\Core\PPHttpConnection: Adding header Authorization: Bearer A0153m299fD5x97Ap6EWTzDtKYV6qYRQBVTnYSI3wgVWrRc
PayPal\Core\PPHttpConnection: Invalid or no certificate authority found - Retrying using bundled CA certs file
PayPal\Transport\PPRestCall: {"id":"PAY-33057438FU598725TKP23L3I","create_time":"2014-08-21T09:03:41Z","update_time":"2014-08-21T09:03:41Z","state":"created","intent":"sale","payer":{"payment_method":"paypal","status":"VERIFIED","payer_info":{"email":"buyer@digisells.com","first_name":"Yeltsin","last_name":"Batiancila","payer_id":"XD83AQYEBTPE8","shipping_address":{"line1":"1 Main St","city":"San Jose","state":"CA","postal_code":"95131","country_code":"US","recipient_name":"Yeltsin Batiancila"}}},"transactions":[{"amount":{"total":"1000.00","currency":"USD","details":{"subtotal":"1000.00"}},"description":"Deposit Digisells Funds : 1000.00 USD"}],"links":[{"href":"https://api.sandbox.paypal.com/v1/payments/payment/PAY-33057438FU598725TKP23L3I","rel":"self","method":"GET"},{"href":"https://www.sandbox.paypal.com/cgi-bin/webscr?cmd=_express-checkout&token=EC-37M22128B0196974V","rel":"approval_url","method":"REDIRECT"},{"href":"https://api.sandbox.paypal.com/v1/payments/payment/PAY-33057438FU598725TKP23L3I/execute","rel":"execute","method":"POST"}]}
PayPal\Core\PPHttpConnection: Connecting to https://api.sandbox.paypal.com/v1/payments/payment/PAY-33057438FU598725TKP23L3I/execute
PayPal\Core\PPHttpConnection: Payload {"payer_id":"XD83AQYEBTPE8"}
PayPal\Core\PPHttpConnection: Adding header Content-Type: application/json
PayPal\Core\PPHttpConnection: Adding header User-Agent: PayPalSDK/rest-sdk-php 0.6.0 (lang=PHP;v=5.5.11;bit=32;os=Windows_NT_6.1;machine=i586;openssl=1.0.1g;curl=7.36.0)
PayPal\Core\PPHttpConnection: Adding header Authorization: Bearer A0153m299fD5x97Ap6EWTzDtKYV6qYRQBVTnYSI3wgVWrRc
PayPal\Core\PPHttpConnection: Adding header PayPal-Request-Id: 2130706433404140861188851009
PayPal\Core\PPHttpConnection: Invalid or no certificate authority found - Retrying using bundled CA certs file
PayPal\Transport\PPRestCall: {"id":"PAY-33057438FU598725TKP23L3I","create_time":"2014-08-21T09:03:41Z","update_time":"2014-08-21T09:05:07Z","state":"approved","intent":"sale","payer":{"payment_method":"paypal","payer_info":{"email":"buyer@digisells.com","first_name":"Yeltsin","last_name":"Batiancila","payer_id":"XD83AQYEBTPE8","shipping_address":{"line1":"1 Main St","line2":"","city":"San Jose","state":"CA","postal_code":"95131","country_code":"US","recipient_name":""}}},"transactions":[{"amount":{"total":"1000.00","currency":"USD","details":{"subtotal":"1000.00"}},"description":"Deposit Digisells Funds : 1000.00 USD","related_resources":[{"sale":{"id":"7ND551446X5618812","create_time":"2014-08-21T09:03:41Z","update_time":"2014-08-21T09:05:07Z","amount":{"total":"1000.00","currency":"USD"},"payment_mode":"INSTANT_TRANSFER","state":"completed","protection_eligibility":"ELIGIBLE","protection_eligibility_type":"ITEM_NOT_RECEIVED_ELIGIBLE,UNAUTHORIZED_PAYMENT_ELIGIBLE","parent_payment":"PAY-33057438FU598725TKP23L3I","links":[{"href":"https://api.sandbox.paypal.com/v1/payments/sale/7ND551446X5618812","rel":"self","method":"GET"},{"href":"https://api.sandbox.paypal.com/v1/payments/sale/7ND551446X5618812/refund","rel":"refund","method":"POST"},{"href":"https://api.sandbox.paypal.com/v1/payments/payment/PAY-33057438FU598725TKP23L3I","rel":"parent_payment","method":"GET"}]}}]}],"links":[{"href":"https://api.sandbox.paypal.com/v1/payments/payment/PAY-33057438FU598725TKP23L3I","rel":"self","method":"GET"}]}
